<?xml version="1.0" encoding="UTF-8"?>
<!-- Generated by org.testng.reporters.JUnitReportReporter -->
<testsuite skipped="0" hostname="LAPTOP-QIFL6AD0" name="Day_5.ParallelMethodTest" tests="2" failures="0" timestamp="2020-08-02T15:35:05 IST" time="0.005" errors="0">
  <testcase name="testMethodsTwo" time="0.002" classname="Day_5.ParallelMethodTest"/>
  <system-out/>
  <testcase name="testMethodsOne" time="0.003" classname="Day_5.ParallelMethodTest"/>
  <system-out/>
</testsuite> <!-- Day_5.ParallelMethodTest -->
