<?xml version="1.0" encoding="UTF-8"?>
<!-- Generated by org.testng.reporters.JUnitReportReporter -->
<testsuite skipped="0" hostname="LAPTOP-QIFL6AD0" name="Day_4.TestNGDemoClass" tests="3" failures="0" timestamp="2020-08-02T15:35:05 IST" time="0.004" errors="0">
  <testcase name="TestdemoExecution3" time="0.001" classname="Day_4.TestNGDemoClass"/>
  <system-out/>
  <testcase name="TestdemoExecution" time="0.002" classname="Day_4.TestNGDemoClass"/>
  <system-out/>
  <testcase name="TestdemoExecution1" time="0.001" classname="Day_4.TestNGDemoClass"/>
  <system-out/>
</testsuite> <!-- Day_4.TestNGDemoClass -->
