<?xml version="1.0" encoding="UTF-8"?>
<!-- Generated by org.testng.reporters.JUnitReportReporter -->
<testsuite skipped="0" hostname="LAPTOP-QIFL6AD0" name="Day_5.TestNgAdvanceExample" tests="1" failures="0" timestamp="2020-08-02T15:35:05 IST" time="0.000" errors="0">
  <testcase name="runTest" time="0.000" classname="Day_5.TestNgAdvanceExample"/>
  <system-out/>
</testsuite> <!-- Day_5.TestNgAdvanceExample -->
